<?xml version="1.0" encoding="UTF-8"?>
<!-- Generated by org.testng.reporters.JUnitXMLReporter -->
<testsuite hostname="ideliver29" ignored="0" name="Test1" tests="4" failures="1" timestamp="25 Nov 2020 16:56:29 GMT" time="0.056" errors="0">
  <testcase name="@BeforeClass init" time="0.003" classname="com.AP.qa.test.TC003_Reorder_Products_Checkout_3">
    <failure type="java.lang.Error" message="Unresolved compilation problems: 
	The method initialization(String) is undefined for the type TC003_Reorder_Products_Checkout_3
	The field TestBase.driver is not visible
	The constructor LoginPage() is undefined
">
      <![CDATA[java.lang.Error: Unresolved compilation problems: 
The method initialization(String) is undefined for the type TC003_Reorder_Products_Checkout_3
The field TestBase.driver is not visible
The constructor LoginPage() is undefined

at com.AP.qa.test.TC003_Reorder_Products_Checkout_3.init(TC003_Reorder_Products_Checkout_3.java:23)
... Removed 26 stack frames]]>
    </failure>
  </testcase> <!-- @BeforeClass init -->
  <testcase name="@AfterClass Flush" time="0.0" classname="com.AP.qa.test.TC003_Reorder_Products_Checkout_3">
    <skipped/>
  </testcase> <!-- @AfterClass Flush -->
  <testcase name="LoginTest" time="0.0" classname="com.AP.qa.test.TC003_Reorder_Products_Checkout_3">
    <skipped/>
  </testcase> <!-- LoginTest -->
  <testcase name="ReorderTest" time="0.0" classname="com.AP.qa.test.TC003_Reorder_Products_Checkout_3">
    <failure type="org.testng.TestNGException" message="
Parameter &amp;apos;Product&amp;apos; is required by @Test on method ReorderTest but has not been marked @Optional or defined
in C:\Users\ideliver\Desktop\Selenium1\POMOracaleTesting\POMOracaleTesting\testng.xml">
      <![CDATA[org.testng.TestNGException: 
Parameter 'Product' is required by @Test on method ReorderTest but has not been marked @Optional or defined
in C:\Users\ideliver\Desktop\Selenium1\POMOracaleTesting\POMOracaleTesting\testng.xml
... Removed 24 stack frames]]>
    </failure>
  </testcase> <!-- ReorderTest -->
  <testcase name="PaymentTest" time="0.0" classname="com.AP.qa.test.TC003_Reorder_Products_Checkout_3">
    <skipped/>
  </testcase> <!-- PaymentTest -->
  <testcase name="LogoutTest" time="0.0" classname="com.AP.qa.test.TC003_Reorder_Products_Checkout_3">
    <skipped/>
  </testcase> <!-- LogoutTest -->
</testsuite> <!-- Test1 -->
